DiagnosticsPluginLauncher.exe Information: 0 : [5/15/2016 12:19:46 AM] At least one other instance of the launcher is running. Will wait until they all finish
DiagnosticsPluginLauncher.exe Information: 0 : [5/15/2016 12:19:46 AM] Service running in Emulator Mode, will not wait/kill other instances of the launcher
DiagnosticsPluginLauncher.exe Information: 0 : [5/15/2016 12:19:46 AM] Emulator config file set to Z:\Desktop\Web-Crawler\webcrawler\csx\Debug\roles\WorkerRole1\approot\diagnostics.wadcfgx
DiagnosticsPluginLauncher.exe Information: 0 : [5/15/2016 12:19:46 AM] DiagnosticsStoreRootPath set to: C:\Users\iGuest\AppData\Local\dftmp\Resources\e0baaddf-f940-4f03-bf88-bde556e48468
DiagnosticsPluginLauncher.exe Information: 0 : [5/15/2016 12:19:46 AM] Loading config file: Z:\Desktop\Web-Crawler\webcrawler\csx\Debug\roles\WorkerRole1\approot\diagnostics.wadcfgx
DiagnosticsPluginLauncher.exe Information: 0 : [5/15/2016 12:19:46 AM] Config file to read: Z:\Desktop\Web-Crawler\webcrawler\csx\Debug\roles\WorkerRole1\approot\diagnostics.wadcfgx
DiagnosticsPluginLauncher.exe Information: 0 : [5/15/2016 12:19:46 AM] Checking VM Type
DiagnosticsPluginLauncher.exe Information: 0 : [5/15/2016 12:19:46 AM] Emulator config file set to Z:\Desktop\Web-Crawler\webcrawler\csx\Debug\roles\WorkerRole1\approot\diagnostics.wadcfgx
DiagnosticsPluginLauncher.exe Information: 0 : [5/15/2016 12:19:46 AM] Extension set to Emulator Mode
DiagnosticsPluginLauncher.exe Information: 0 : [5/15/2016 12:19:46 AM] Reading XML configuration file
DiagnosticsPluginLauncher.exe Information: 0 : [5/15/2016 12:19:46 AM] Bypassing private config decryption
DiagnosticsPluginLauncher.exe Information: 0 : [5/15/2016 12:19:46 AM] Stopping the running plugin, if any
DiagnosticsPluginLauncher.exe Information: 0 : [5/15/2016 12:19:46 AM] Found a MonAgentHost.exe. WadArguments: "Z:\Desktop\Web-Crawler\webcrawler\csx\Debug\roles\WebRole1\plugins\Diagnostics\Monitor\x64\MonAgentHost.exe" -LocalPath "C:\Users\iGuest\AppData\Local\dftmp\Resources\f8f639f9-a153-412e-bf0d-93c97d2d50b8\WAD0105"  -ConfigFile "C:\Users\iGuest\AppData\Local\dftmp\Resources\f8f639f9-a153-412e-bf0d-93c97d2d50b8\WAD0105\Configuration\MaConfig.xml" -ShutDownEvent WADDM-ShutDown-6249c9cb196e4df08ef4dead26d1fda7  -TotalShutDownEvent WADDM-TotalShutDown-6249c9cb196e4df08ef4dead26d1fda7 -InitializedEvent WADM-StartUp-6249c9cb196e4df08ef4dead26d1fda7 -parent 3936 -events -wadVer1v5 -UseProxyServer -XStoreAccounts WadAccount#true#devstoreaccount1#Eby8vdM02xNOcqFlqUwJPLlmEtlCDXJ1OUzFT50uSRZ6IFsuFq2UVErCz4I6tq/K1SZFPTOtr/KBHBeksoGMGw==#http://127.0.0.1:10002#http://127.0.0.1:10001#http://127.0.0.1:10000.
DiagnosticsPluginLauncher.exe Information: 0 : [5/15/2016 12:19:46 AM] Found a DiagnosticsPlugin.exe. WadArguments: "Z:\Desktop\Web-Crawler\webcrawler\csx\Debug\roles\WebRole1\plugins\Diagnostics\DiagnosticsPlugin.exe" DiagnosticPlugin-ShutdownEvent DiagnosticPlugin-TotalShutdownEvent -wadVer1v5.
DiagnosticsPluginLauncher.exe Information: 0 : [5/15/2016 12:19:46 AM] Loading config file: Z:\Desktop\Web-Crawler\webcrawler\csx\Debug\roles\WorkerRole1\approot\diagnostics.wadcfgx
DiagnosticsPluginLauncher.exe Information: 0 : [5/15/2016 12:19:46 AM] Config file to read: Z:\Desktop\Web-Crawler\webcrawler\csx\Debug\roles\WorkerRole1\approot\diagnostics.wadcfgx
DiagnosticsPluginLauncher.exe Information: 0 : [5/15/2016 12:19:46 AM] Reading XML configuration file
DiagnosticsPluginLauncher.exe Information: 0 : [5/15/2016 12:19:46 AM] Bypassing private config decryption
DiagnosticsPluginLauncher.exe Information: 0 : [5/15/2016 12:19:46 AM] Found a running wad2 MA not sharing the same local directory
DiagnosticsPluginLauncher.exe Information: 0 : [5/15/2016 12:19:46 AM] Killing any DiagnosticsPlugin that might remain.
DiagnosticsPluginLauncher.exe Information: 0 : [5/15/2016 12:19:46 AM] Found a DiagnosticsPlugin.exe. WadArguments: "Z:\Desktop\Web-Crawler\webcrawler\csx\Debug\roles\WebRole1\plugins\Diagnostics\DiagnosticsPlugin.exe" DiagnosticPlugin-ShutdownEvent DiagnosticPlugin-TotalShutdownEvent -wadVer1v5.
